<?xml version="1.0" encoding="UTF-8"?>
<!-- Generated by org.testng.reporters.JUnitReportReporter -->
<testsuite hostname="LAPTOP-7JQDIVD0" failures="0" tests="1" name="ictak.TestClassNav" time="3.084" errors="0" timestamp="2024-01-08T18:02:38 IST" skipped="0">
  <testcase classname="ictak.TestClassNav" name="Homepage" time="3.084"/>
</testsuite> <!-- ictak.TestClassNav -->
